15:30:20 **** Build of configuration Debug for project mini_project2 ****
make all 
Building file: ../exc.c
Invoking: AVR Compiler
avr-gcc -Wall -g2 -gstabs -O0 -fpack-struct -fshort-enums -ffunction-sections -fdata-sections -std=gnu99 -funsigned-char -funsigned-bitfields -mmcu=atmega16 -DF_CPU=1000000UL -MMD -MP -MF"exc.d" -MT"exc.o" -c -o "exc.o" "../exc.c"
In file included from ../exc.c:11:
c:/winavr-20100110/lib/gcc/../../avr/include/util/delay.h:90:3: warning: #warning "Compiler optimizations disabled; functions from <util/delay.h> won't work as designed"
Finished building: ../exc.c
 
Building target: mini_project2.elf
Invoking: AVR C Linker
avr-gcc -Wl,-Map,mini_project2.map -mmcu=atmega16 -o "mini_project2.elf"  ./exc.o   
Finished building target: mini_project2.elf
 
Invoking: AVR Create Extended Listing
avr-objdump -h -S mini_project2.elf  >"mini_project2.lss"
Finished building: mini_project2.lss
 
Invoking: Print Size
avr-size --format=avr --mcu=atmega16 mini_project2.elf
AVR Memory Usage
----------------
Device: atmega16

Program:    5546 bytes (33.9% Full)
(.text + .data + .bootloader)

Data:         14 bytes (1.4% Full)
(.data + .bss + .noinit)


Finished building: sizedummy
 
